<?xml version="1.0" encoding="UTF-8"?>
<testsuite xmlns:xsi="http://www.w3.org/2001/XMLSchema-instance" xsi:noNamespaceSchemaLocation="https://maven.apache.org/surefire/maven-surefire-plugin/xsd/surefire-test-report-3.0.xsd" version="3.0" name="com.proyect.Open.Source.IT.Ticket.System.OpenSourceItTicketSystemApplicationTests" time="3.273" tests="1" errors="0" skipped="0" failures="0">
  <properties>
[...]
</properties>
  <testcase name="contextLoads" classname="com.proyect.Open.Source.IT.Ticket.System.OpenSourceItTicketSystemApplicationTests" time="0.629">
    <system-out><![CDATA[01:26:25.564 [main] INFO org.springframework.test.context.support.AnnotationConfigContextLoaderUtils -- Could not detect default configuration classes for test class [com.proyect.Open.Source.IT.Ticket.System.OpenSourceItTicketSystemApplicationTests]: OpenSourceItTicketSystemApplicationTests does not declare any static, non-private, non-final, nested classes annotated with @Configuration.
01:26:25.649 [main] INFO org.springframework.boot.test.context.SpringBootTestContextBootstrapper -- Found @SpringBootConfiguration com.proyect.Open.Source.IT.Ticket.System.OpenSourceItTicketSystemApplication for test class com.proyect.Open.Source.IT.Ticket.System.OpenSourceItTicketSystemApplicationTests

  .   ____          _            __ _ _
 /\\ / ___'_ __ _ _(_)_ __  __ _ \ \ \ \
( ( )\___ | '_ | '_| | '_ \/ _` | \ \ \ \
 \\/  ___)| |_)| | | | | || (_| |  ) ) ) )
  '  |____| .__|_| |_|_| |_\__, | / / / /
 =========|_|==============|___/=/_/_/_/

 :: Spring Boot ::                (v3.3.2)

2025-07-03T01:26:25.994-05:00  INFO 30188 --- [Open-Source-IT-Ticketing-System] [           main] OpenSourceItTicketSystemApplicationTests : Starting OpenSourceItTicketSystemApplicationTests using Java 17.0.12 with PID 30188 (started by Jean in C:\Users\Jean\Documents\GitHub\Proyecto-Tickets\backend)
2025-07-03T01:26:25.995-05:00  INFO 30188 --- [Open-Source-IT-Ticketing-System] [           main] OpenSourceItTicketSystemApplicationTests : No active profile set, falling back to 1 default profile: "default"
2025-07-03T01:26:26.588-05:00  INFO 30188 --- [Open-Source-IT-Ticketing-System] [           main] .s.d.r.c.RepositoryConfigurationDelegate : Multiple Spring Data modules found, entering strict repository configuration mode
2025-07-03T01:26:26.590-05:00  INFO 30188 --- [Open-Source-IT-Ticketing-System] [           main] .s.d.r.c.RepositoryConfigurationDelegate : Bootstrapping Spring Data MongoDB repositories in DEFAULT mode.
2025-07-03T01:26:26.648-05:00  INFO 30188 --- [Open-Source-IT-Ticketing-System] [           main] .s.d.r.c.RepositoryConfigurationDelegate : Finished Spring Data repository scanning in 54 ms. Found 2 MongoDB repository interfaces.
2025-07-03T01:26:27.243-05:00  INFO 30188 --- [Open-Source-IT-Ticketing-System] [ugy.mongodb.net] org.mongodb.driver.cluster               : Adding discovered server ac-hxwaadw-shard-00-01.i7osugy.mongodb.net:27017 to client view of cluster
2025-07-03T01:26:27.255-05:00  INFO 30188 --- [Open-Source-IT-Ticketing-System] [           main] org.mongodb.driver.client                : MongoClient with metadata {"driver": {"name": "mongo-java-driver|sync|spring-boot", "version": "5.0.1"}, "os": {"type": "Windows", "name": "Windows 10", "architecture": "amd64", "version": "10.0"}, "platform": "Java/Oracle Corporation/17.0.12+8-LTS-286"} created with settings MongoClientSettings{readPreference=primary, writeConcern=WriteConcern{w=majority, wTimeout=null ms, journal=null}, retryWrites=true, retryReads=true, readConcern=ReadConcern{level=null}, credential=MongoCredential{mechanism=null, userName='Jean', source='admin', password=<hidden>, mechanismProperties=<hidden>}, transportSettings=null, commandListeners=[], codecRegistry=ProvidersCodecRegistry{codecProviders=[ValueCodecProvider{}, BsonValueCodecProvider{}, DBRefCodecProvider{}, DBObjectCodecProvider{}, DocumentCodecProvider{}, CollectionCodecProvider{}, IterableCodecProvider{}, MapCodecProvider{}, GeoJsonCodecProvider{}, GridFSFileCodecProvider{}, Jsr310CodecProvider{}, JsonObjectCodecProvider{}, BsonCodecProvider{}, EnumCodecProvider{}, com.mongodb.client.model.mql.ExpressionCodecProvider@104dc1a2, com.mongodb.Jep395RecordCodecProvider@67d32a54, com.mongodb.KotlinCodecProvider@314a31b0]}, loggerSettings=LoggerSettings{maxDocumentLength=1000}, clusterSettings={hosts=[127.0.0.1:27017], srvHost=cluster0.i7osugy.mongodb.net, srvServiceName=mongodb, mode=MULTIPLE, requiredClusterType=REPLICA_SET, requiredReplicaSetName='atlas-7h11w1-shard-0', serverSelector='null', clusterListeners='[]', serverSelectionTimeout='30000 ms', localThreshold='15 ms'}, socketSettings=SocketSettings{connectTimeoutMS=10000, readTimeoutMS=0, receiveBufferSize=0, proxySettings=ProxySettings{host=null, port=null, username=null, password=null}}, heartbeatSocketSettings=SocketSettings{connectTimeoutMS=10000, readTimeoutMS=10000, receiveBufferSize=0, proxySettings=ProxySettings{host=null, port=null, username=null, password=null}}, connectionPoolSettings=ConnectionPoolSettings{maxSize=100, minSize=0, maxWaitTimeMS=120000, maxConnectionLifeTimeMS=0, maxConnectionIdleTimeMS=0, maintenanceInitialDelayMS=0, maintenanceFrequencyMS=60000, connectionPoolListeners=[], maxConnecting=2}, serverSettings=ServerSettings{heartbeatFrequencyMS=10000, minHeartbeatFrequencyMS=500, serverListeners='[]', serverMonitorListeners='[]'}, sslSettings=SslSettings{enabled=true, invalidHostNameAllowed=false, context=null}, applicationName='null', compressorList=[], uuidRepresentation=JAVA_LEGACY, serverApi=null, autoEncryptionSettings=null, dnsClient=null, inetAddressResolver=null, contextProvider=null}
2025-07-03T01:26:27.265-05:00  INFO 30188 --- [Open-Source-IT-Ticketing-System] [ugy.mongodb.net] org.mongodb.driver.cluster               : Adding discovered server ac-hxwaadw-shard-00-02.i7osugy.mongodb.net:27017 to client view of cluster
2025-07-03T01:26:27.268-05:00  INFO 30188 --- [Open-Source-IT-Ticketing-System] [ugy.mongodb.net] org.mongodb.driver.cluster               : Adding discovered server ac-hxwaadw-shard-00-00.i7osugy.mongodb.net:27017 to client view of cluster
2025-07-03T01:26:27.834-05:00  INFO 30188 --- [Open-Source-IT-Ticketing-System] [ngodb.net:27017] org.mongodb.driver.cluster               : Monitor thread successfully connected to server with description ServerDescription{address=ac-hxwaadw-shard-00-01.i7osugy.mongodb.net:27017, type=REPLICA_SET_PRIMARY, state=CONNECTED, ok=true, minWireVersion=0, maxWireVersion=25, maxDocumentSize=16777216, logicalSessionTimeoutMinutes=30, roundTripTimeNanos=368805900, setName='atlas-7h11w1-shard-0', canonicalAddress=ac-hxwaadw-shard-00-01.i7osugy.mongodb.net:27017, hosts=[ac-hxwaadw-shard-00-01.i7osugy.mongodb.net:27017, ac-hxwaadw-shard-00-02.i7osugy.mongodb.net:27017, ac-hxwaadw-shard-00-00.i7osugy.mongodb.net:27017], passives=[], arbiters=[], primary='ac-hxwaadw-shard-00-01.i7osugy.mongodb.net:27017', tagSet=TagSet{[Tag{name='availabilityZone', value='use1-az4'}, Tag{name='diskState', value='READY'}, Tag{name='nodeType', value='ELECTABLE'}, Tag{name='provider', value='AWS'}, Tag{name='region', value='US_EAST_1'}, Tag{name='workloadType', value='OPERATIONAL'}]}, electionId=7fffffff00000000000001a7, setVersion=176, topologyVersion=TopologyVersion{processId=6851a58cb51fe1e3ca91d824, counter=6}, lastWriteDate=Thu Jul 03 01:26:27 PET 2025, lastUpdateTimeNanos=997503659683200}
2025-07-03T01:26:27.834-05:00  INFO 30188 --- [Open-Source-IT-Ticketing-System] [ngodb.net:27017] org.mongodb.driver.cluster               : Monitor thread successfully connected to server with description ServerDescription{address=ac-hxwaadw-shard-00-02.i7osugy.mongodb.net:27017, type=REPLICA_SET_SECONDARY, state=CONNECTED, ok=true, minWireVersion=0, maxWireVersion=25, maxDocumentSize=16777216, logicalSessionTimeoutMinutes=30, roundTripTimeNanos=368716000, setName='atlas-7h11w1-shard-0', canonicalAddress=ac-hxwaadw-shard-00-02.i7osugy.mongodb.net:27017, hosts=[ac-hxwaadw-shard-00-01.i7osugy.mongodb.net:27017, ac-hxwaadw-shard-00-02.i7osugy.mongodb.net:27017, ac-hxwaadw-shard-00-00.i7osugy.mongodb.net:27017], passives=[], arbiters=[], primary='ac-hxwaadw-shard-00-01.i7osugy.mongodb.net:27017', tagSet=TagSet{[Tag{name='availabilityZone', value='use1-az6'}, Tag{name='diskState', value='READY'}, Tag{name='nodeType', value='ELECTABLE'}, Tag{name='provider', value='AWS'}, Tag{name='region', value='US_EAST_1'}, Tag{name='workloadType', value='OPERATIONAL'}]}, electionId=null, setVersion=176, topologyVersion=TopologyVersion{processId=6851a862b24c6e71140501d7, counter=3}, lastWriteDate=Thu Jul 03 01:26:27 PET 2025, lastUpdateTimeNanos=997503659683200}
2025-07-03T01:26:27.834-05:00  INFO 30188 --- [Open-Source-IT-Ticketing-System] [ngodb.net:27017] org.mongodb.driver.cluster               : Monitor thread successfully connected to server with description ServerDescription{address=ac-hxwaadw-shard-00-00.i7osugy.mongodb.net:27017, type=REPLICA_SET_SECONDARY, state=CONNECTED, ok=true, minWireVersion=0, maxWireVersion=25, maxDocumentSize=16777216, logicalSessionTimeoutMinutes=30, roundTripTimeNanos=369593200, setName='atlas-7h11w1-shard-0', canonicalAddress=ac-hxwaadw-shard-00-00.i7osugy.mongodb.net:27017, hosts=[ac-hxwaadw-shard-00-01.i7osugy.mongodb.net:27017, ac-hxwaadw-shard-00-02.i7osugy.mongodb.net:27017, ac-hxwaadw-shard-00-00.i7osugy.mongodb.net:27017], passives=[], arbiters=[], primary='ac-hxwaadw-shard-00-01.i7osugy.mongodb.net:27017', tagSet=TagSet{[Tag{name='availabilityZone', value='use1-az2'}, Tag{name='diskState', value='READY'}, Tag{name='nodeType', value='ELECTABLE'}, Tag{name='provider', value='AWS'}, Tag{name='region', value='US_EAST_1'}, Tag{name='workloadType', value='OPERATIONAL'}]}, electionId=null, setVersion=176, topologyVersion=TopologyVersion{processId=6851a28ddf0d363a42efaa8c, counter=4}, lastWriteDate=Thu Jul 03 01:26:27 PET 2025, lastUpdateTimeNanos=997503659683100}
2025-07-03T01:26:27.837-05:00  INFO 30188 --- [Open-Source-IT-Ticketing-System] [ngodb.net:27017] org.mongodb.driver.cluster               : Discovered replica set primary ac-hxwaadw-shard-00-01.i7osugy.mongodb.net:27017 with max election id 7fffffff00000000000001a7 and max set version 176
2025-07-03T01:26:28.046-05:00  INFO 30188 --- [Open-Source-IT-Ticketing-System] [           main] OpenSourceItTicketSystemApplicationTests : Started OpenSourceItTicketSystemApplicationTests in 2.264 seconds (process running for 3.031)
]]></system-out>
  </testcase>
</testsuite>